<?xml version="1.0" encoding="UTF-8"?>
<!-- Generated by org.testng.reporters.JUnitReportReporter -->
<testsuite hostname="ISILWDT224" name="Test.Test_Sikuli$Sikuli_Test" tests="1" failures="0" timestamp="23 Sep 2016 22:48:36 GMT" time="46.677" errors="1">
  <testcase name="Test" time="46.677" classname="Test.Test_Sikuli$Sikuli_Test">
    <error type="org.openqa.selenium.WebDriverException" message="Failed to connect to binary FirefoxBinary(C:\Program Files (x86)\Mozilla Firefox\firefox.exe) on port 7055; process output follows: 
&quot;updateKey&quot;:null,&quot;optionsURL&quot;:null,&quot;optionsType&quot;:null,&quot;aboutURL&quot;:null,&quot;icons&quot;:{&quot;32&quot;:&quot;icon.png&quot;,&quot;48&quot;:&quot;icon.png&quot;},&quot;iconURL&quot;:null,&quot;icon64URL&quot;:null,&quot;defaultLocale&quot;:{&quot;name&quot;:&quot;Default&quot;,&quot;description&quot;:&quot;The default theme.&quot;,&quot;creator&quot;:&quot;Mozilla&quot;,&quot;homepageURL&quot;:null,&quot;contributors&quot;:[&quot;Mozilla Contributors&quot;]},&quot;visible&quot;:true,&quot;active&quot;:true,&quot;userDisabled&quot;:false,&quot;appDisabled&quot;:false,&quot;descriptor&quot;:&quot;C:\\Program Files (x86)\\Mozilla Firefox\\browser\\extensions\\{972ce4c6-7e08-4474-a285-3208198ce6fd}.xpi&quot;,&quot;installDate&quot;:1474506390160,&quot;updateDate&quot;:1474506390160,&quot;applyBackgroundUpdates&quot;:1,&quot;skinnable&quot;:true,&quot;size&quot;:21905,&quot;sourceURI&quot;:null,&quot;releaseNotesURI&quot;:null,&quot;softDisabled&quot;:false,&quot;foreignInstall&quot;:false,&quot;hasBinaryComponents&quot;:false,&quot;strictCompatibility&quot;:true,&quot;locales&quot;:[],&quot;targetApplications&quot;:[{&quot;id&quot;:&quot;{ec8030f7-c20a-464f-9b0e-13a3a9e97384}&quot;,&quot;minVersion&quot;:&quot;48.0.2&quot;,&quot;maxVersion&quot;:&quot;48.0.2&quot;}],&quot;targetPlatforms&quot;:[],&quot;seen&quot;:true}
1474670872411	addons.xpi	DEBUG	getModTime: Recursive scan of {972ce4c6-7e08-4474-a285-3208198ce6fd}
1474670872413	DeferredSave.extensions.json	DEBUG	Save changes
1474670872413	addons.xpi	DEBUG	Updating database with changes to installed add-ons
1474670872413	addons.xpi-utils	DEBUG	Updating add-on states
1474670872415	addons.xpi-utils	DEBUG	Writing add-ons list
1474670872418	addons.xpi	DEBUG	Registering manifest for C:\Program Files (x86)\Mozilla Firefox\browser\features\e10srollout@mozilla.org.xpi
1474670872419	addons.xpi	DEBUG	Calling bootstrap method startup on e10srollout@mozilla.org version 1.1
1474670872419	addons.xpi	DEBUG	Registering manifest for C:\Program Files (x86)\Mozilla Firefox\browser\features\firefox@getpocket.com.xpi
1474670872419	addons.xpi	DEBUG	Calling bootstrap method startup on firefox@getpocket.com version 1.0.4
1474670872420	addons.xpi	DEBUG	Registering manifest for C:\Program Files (x86)\Mozilla Firefox\browser\features\loop@mozilla.org.xpi
1474670872420	addons.xpi	DEBUG	Calling bootstrap method startup on loop@mozilla.org version 1.4.4
1474670872438	addons.manager	DEBUG	Registering shutdown blocker for XPIProvider
1474670872439	addons.manager	DEBUG	Provider finished startup: XPIProvider
1474670872439	addons.manager	DEBUG	Starting provider: LightweightThemeManager
1474670872439	addons.manager	DEBUG	Registering shutdown blocker for LightweightThemeManager
1474670872439	addons.manager	DEBUG	Provider finished startup: LightweightThemeManager
1474670872439	addons.manager	DEBUG	Starting provider: GMPProvider
1474670872446	addons.manager	DEBUG	Registering shutdown blocker for GMPProvider
1474670872446	addons.manager	DEBUG	Provider finished startup: GMPProvider
1474670872446	addons.manager	DEBUG	Starting provider: PluginProvider
1474670872446	addons.manager	DEBUG	Registering shutdown blocker for PluginProvider
1474670872447	addons.manager	DEBUG	Provider finished startup: PluginProvider
1474670872447	addons.manager	DEBUG	Completed startup sequence
1474670873988	addons.manager	DEBUG	Starting provider: &lt;unnamed-provider&gt;
1474670873988	addons.manager	DEBUG	Registering shutdown blocker for &lt;unnamed-provider&gt;
1474670873989	addons.manager	DEBUG	Provider finished startup: &lt;unnamed-provider&gt;
1474670874497	DeferredSave.extensions.json	DEBUG	Write succeeded
1474670874497	addons.xpi-utils	DEBUG	XPI Database saved, setting schema version preference to 17
1474670874497	DeferredSave.extensions.json	DEBUG	Starting timer
1474670874508	addons.repository	DEBUG	No addons.json found.
1474670874508	DeferredSave.addons.json	DEBUG	Save changes
1474670874528	DeferredSave.addons.json	DEBUG	Starting timer
1474670874735	addons.manager	DEBUG	Starting provider: PreviousExperimentProvider
1474670874735	addons.manager	DEBUG	Registering shutdown blocker for PreviousExperimentProvider
1474670874736	addons.manager	DEBUG	Provider finished startup: PreviousExperimentProvider
1474670874740	DeferredSave.extensions.json	DEBUG	Starting write
1474670874742	DeferredSave.addons.json	DEBUG	Starting write
1474670874770	DeferredSave.extensions.json	DEBUG	Write succeeded
1474670874775	DeferredSave.addons.json	DEBUG	Write succeeded

Build info: version: &#039;2.52.0&#039;, revision: &#039;4c2593cfc3689a7fcd7be52549167e5ccc93ad28&#039;, time: &#039;2016-02-11 11:22:43&#039;
System info: host: &#039;ISILWDT224&#039;, ip: &#039;10.99.64.235&#039;, os.name: &#039;Windows 7&#039;, os.arch: &#039;amd64&#039;, os.version: &#039;6.1&#039;, java.version: &#039;1.8.0_101&#039;
Driver info: driver.version: FirefoxDriver">
      <![CDATA[org.openqa.selenium.WebDriverException: Failed to connect to binary FirefoxBinary(C:\Program Files (x86)\Mozilla Firefox\firefox.exe) on port 7055; process output follows: 
"updateKey":null,"optionsURL":null,"optionsType":null,"aboutURL":null,"icons":{"32":"icon.png","48":"icon.png"},"iconURL":null,"icon64URL":null,"defaultLocale":{"name":"Default","description":"The default theme.","creator":"Mozilla","homepageURL":null,"contributors":["Mozilla Contributors"]},"visible":true,"active":true,"userDisabled":false,"appDisabled":false,"descriptor":"C:\\Program Files (x86)\\Mozilla Firefox\\browser\\extensions\\{972ce4c6-7e08-4474-a285-3208198ce6fd}.xpi","installDate":1474506390160,"updateDate":1474506390160,"applyBackgroundUpdates":1,"skinnable":true,"size":21905,"sourceURI":null,"releaseNotesURI":null,"softDisabled":false,"foreignInstall":false,"hasBinaryComponents":false,"strictCompatibility":true,"locales":[],"targetApplications":[{"id":"{ec8030f7-c20a-464f-9b0e-13a3a9e97384}","minVersion":"48.0.2","maxVersion":"48.0.2"}],"targetPlatforms":[],"seen":true}
1474670872411	addons.xpi	DEBUG	getModTime: Recursive scan of {972ce4c6-7e08-4474-a285-3208198ce6fd}
1474670872413	DeferredSave.extensions.json	DEBUG	Save changes
1474670872413	addons.xpi	DEBUG	Updating database with changes to installed add-ons
1474670872413	addons.xpi-utils	DEBUG	Updating add-on states
1474670872415	addons.xpi-utils	DEBUG	Writing add-ons list
1474670872418	addons.xpi	DEBUG	Registering manifest for C:\Program Files (x86)\Mozilla Firefox\browser\features\e10srollout@mozilla.org.xpi
1474670872419	addons.xpi	DEBUG	Calling bootstrap method startup on e10srollout@mozilla.org version 1.1
1474670872419	addons.xpi	DEBUG	Registering manifest for C:\Program Files (x86)\Mozilla Firefox\browser\features\firefox@getpocket.com.xpi
1474670872419	addons.xpi	DEBUG	Calling bootstrap method startup on firefox@getpocket.com version 1.0.4
1474670872420	addons.xpi	DEBUG	Registering manifest for C:\Program Files (x86)\Mozilla Firefox\browser\features\loop@mozilla.org.xpi
1474670872420	addons.xpi	DEBUG	Calling bootstrap method startup on loop@mozilla.org version 1.4.4
1474670872438	addons.manager	DEBUG	Registering shutdown blocker for XPIProvider
1474670872439	addons.manager	DEBUG	Provider finished startup: XPIProvider
1474670872439	addons.manager	DEBUG	Starting provider: LightweightThemeManager
1474670872439	addons.manager	DEBUG	Registering shutdown blocker for LightweightThemeManager
1474670872439	addons.manager	DEBUG	Provider finished startup: LightweightThemeManager
1474670872439	addons.manager	DEBUG	Starting provider: GMPProvider
1474670872446	addons.manager	DEBUG	Registering shutdown blocker for GMPProvider
1474670872446	addons.manager	DEBUG	Provider finished startup: GMPProvider
1474670872446	addons.manager	DEBUG	Starting provider: PluginProvider
1474670872446	addons.manager	DEBUG	Registering shutdown blocker for PluginProvider
1474670872447	addons.manager	DEBUG	Provider finished startup: PluginProvider
1474670872447	addons.manager	DEBUG	Completed startup sequence
1474670873988	addons.manager	DEBUG	Starting provider: <unnamed-provider>
1474670873988	addons.manager	DEBUG	Registering shutdown blocker for <unnamed-provider>
1474670873989	addons.manager	DEBUG	Provider finished startup: <unnamed-provider>
1474670874497	DeferredSave.extensions.json	DEBUG	Write succeeded
1474670874497	addons.xpi-utils	DEBUG	XPI Database saved, setting schema version preference to 17
1474670874497	DeferredSave.extensions.json	DEBUG	Starting timer
1474670874508	addons.repository	DEBUG	No addons.json found.
1474670874508	DeferredSave.addons.json	DEBUG	Save changes
1474670874528	DeferredSave.addons.json	DEBUG	Starting timer
1474670874735	addons.manager	DEBUG	Starting provider: PreviousExperimentProvider
1474670874735	addons.manager	DEBUG	Registering shutdown blocker for PreviousExperimentProvider
1474670874736	addons.manager	DEBUG	Provider finished startup: PreviousExperimentProvider
1474670874740	DeferredSave.extensions.json	DEBUG	Starting write
1474670874742	DeferredSave.addons.json	DEBUG	Starting write
1474670874770	DeferredSave.extensions.json	DEBUG	Write succeeded
1474670874775	DeferredSave.addons.json	DEBUG	Write succeeded

Build info: version: '2.52.0', revision: '4c2593cfc3689a7fcd7be52549167e5ccc93ad28', time: '2016-02-11 11:22:43'
System info: host: 'ISILWDT224', ip: '10.99.64.235', os.name: 'Windows 7', os.arch: 'amd64', os.version: '6.1', java.version: '1.8.0_101'
Driver info: driver.version: FirefoxDriver
	at org.openqa.selenium.firefox.internal.NewProfileExtensionConnection.start(NewProfileExtensionConnection.java:125)
	at org.openqa.selenium.firefox.FirefoxDriver.startClient(FirefoxDriver.java:271)
	at org.openqa.selenium.remote.RemoteWebDriver.<init>(RemoteWebDriver.java:119)
	at org.openqa.selenium.firefox.FirefoxDriver.<init>(FirefoxDriver.java:216)
	at org.openqa.selenium.firefox.FirefoxDriver.<init>(FirefoxDriver.java:211)
	at org.openqa.selenium.firefox.FirefoxDriver.<init>(FirefoxDriver.java:207)
	at org.openqa.selenium.firefox.FirefoxDriver.<init>(FirefoxDriver.java:120)
	at Test.Test_Sikuli$Sikuli_Test.Test(Test_Sikuli.java:15)
	at sun.reflect.NativeMethodAccessorImpl.invoke0(Native Method)
	at sun.reflect.NativeMethodAccessorImpl.invoke(NativeMethodAccessorImpl.java:62)
	at sun.reflect.DelegatingMethodAccessorImpl.invoke(DelegatingMethodAccessorImpl.java:43)
	at java.lang.reflect.Method.invoke(Method.java:498)
	at org.testng.internal.MethodInvocationHelper.invokeMethod(MethodInvocationHelper.java:100)
	at org.testng.internal.Invoker.invokeMethod(Invoker.java:646)
	at org.testng.internal.Invoker.invokeTestMethod(Invoker.java:811)
	at org.testng.internal.Invoker.invokeTestMethods(Invoker.java:1129)
	at org.testng.internal.TestMethodWorker.invokeTestMethods(TestMethodWorker.java:129)
	at org.testng.internal.TestMethodWorker.run(TestMethodWorker.java:112)
	at org.testng.TestRunner.privateRun(TestRunner.java:746)
	at org.testng.TestRunner.run(TestRunner.java:600)
	at org.testng.SuiteRunner.runTest(SuiteRunner.java:366)
	at org.testng.SuiteRunner.runSequentially(SuiteRunner.java:361)
	at org.testng.SuiteRunner.privateRun(SuiteRunner.java:319)
	at org.testng.SuiteRunner.run(SuiteRunner.java:268)
	at org.testng.SuiteRunnerWorker.runSuite(SuiteRunnerWorker.java:52)
	at org.testng.SuiteRunnerWorker.run(SuiteRunnerWorker.java:86)
	at org.testng.TestNG.runSuitesSequentially(TestNG.java:1264)
	at org.testng.TestNG.runSuitesLocally(TestNG.java:1189)
	at org.testng.TestNG.runSuites(TestNG.java:1104)
	at org.testng.TestNG.run(TestNG.java:1076)
	at org.testng.remote.AbstractRemoteTestNG.run(AbstractRemoteTestNG.java:126)
	at org.testng.remote.RemoteTestNG.initAndRun(RemoteTestNG.java:152)
	at org.testng.remote.RemoteTestNG.main(RemoteTestNG.java:57)
Caused by: org.openqa.selenium.firefox.NotConnectedException: Unable to connect to host 127.0.0.1 on port 7055 after 45000 ms. Firefox console output:
"updateKey":null,"optionsURL":null,"optionsType":null,"aboutURL":null,"icons":{"32":"icon.png","48":"icon.png"},"iconURL":null,"icon64URL":null,"defaultLocale":{"name":"Default","description":"The default theme.","creator":"Mozilla","homepageURL":null,"contributors":["Mozilla Contributors"]},"visible":true,"active":true,"userDisabled":false,"appDisabled":false,"descriptor":"C:\\Program Files (x86)\\Mozilla Firefox\\browser\\extensions\\{972ce4c6-7e08-4474-a285-3208198ce6fd}.xpi","installDate":1474506390160,"updateDate":1474506390160,"applyBackgroundUpdates":1,"skinnable":true,"size":21905,"sourceURI":null,"releaseNotesURI":null,"softDisabled":false,"foreignInstall":false,"hasBinaryComponents":false,"strictCompatibility":true,"locales":[],"targetApplications":[{"id":"{ec8030f7-c20a-464f-9b0e-13a3a9e97384}","minVersion":"48.0.2","maxVersion":"48.0.2"}],"targetPlatforms":[],"seen":true}
1474670872411	addons.xpi	DEBUG	getModTime: Recursive scan of {972ce4c6-7e08-4474-a285-3208198ce6fd}
1474670872413	DeferredSave.extensions.json	DEBUG	Save changes
1474670872413	addons.xpi	DEBUG	Updating database with changes to installed add-ons
1474670872413	addons.xpi-utils	DEBUG	Updating add-on states
1474670872415	addons.xpi-utils	DEBUG	Writing add-ons list
1474670872418	addons.xpi	DEBUG	Registering manifest for C:\Program Files (x86)\Mozilla Firefox\browser\features\e10srollout@mozilla.org.xpi
1474670872419	addons.xpi	DEBUG	Calling bootstrap method startup on e10srollout@mozilla.org version 1.1
1474670872419	addons.xpi	DEBUG	Registering manifest for C:\Program Files (x86)\Mozilla Firefox\browser\features\firefox@getpocket.com.xpi
1474670872419	addons.xpi	DEBUG	Calling bootstrap method startup on firefox@getpocket.com version 1.0.4
1474670872420	addons.xpi	DEBUG	Registering manifest for C:\Program Files (x86)\Mozilla Firefox\browser\features\loop@mozilla.org.xpi
1474670872420	addons.xpi	DEBUG	Calling bootstrap method startup on loop@mozilla.org version 1.4.4
1474670872438	addons.manager	DEBUG	Registering shutdown blocker for XPIProvider
1474670872439	addons.manager	DEBUG	Provider finished startup: XPIProvider
1474670872439	addons.manager	DEBUG	Starting provider: LightweightThemeManager
1474670872439	addons.manager	DEBUG	Registering shutdown blocker for LightweightThemeManager
1474670872439	addons.manager	DEBUG	Provider finished startup: LightweightThemeManager
1474670872439	addons.manager	DEBUG	Starting provider: GMPProvider
1474670872446	addons.manager	DEBUG	Registering shutdown blocker for GMPProvider
1474670872446	addons.manager	DEBUG	Provider finished startup: GMPProvider
1474670872446	addons.manager	DEBUG	Starting provider: PluginProvider
1474670872446	addons.manager	DEBUG	Registering shutdown blocker for PluginProvider
1474670872447	addons.manager	DEBUG	Provider finished startup: PluginProvider
1474670872447	addons.manager	DEBUG	Completed startup sequence
1474670873988	addons.manager	DEBUG	Starting provider: <unnamed-provider>
1474670873988	addons.manager	DEBUG	Registering shutdown blocker for <unnamed-provider>
1474670873989	addons.manager	DEBUG	Provider finished startup: <unnamed-provider>
1474670874497	DeferredSave.extensions.json	DEBUG	Write succeeded
1474670874497	addons.xpi-utils	DEBUG	XPI Database saved, setting schema version preference to 17
1474670874497	DeferredSave.extensions.json	DEBUG	Starting timer
1474670874508	addons.repository	DEBUG	No addons.json found.
1474670874508	DeferredSave.addons.json	DEBUG	Save changes
1474670874528	DeferredSave.addons.json	DEBUG	Starting timer
1474670874735	addons.manager	DEBUG	Starting provider: PreviousExperimentProvider
1474670874735	addons.manager	DEBUG	Registering shutdown blocker for PreviousExperimentProvider
1474670874736	addons.manager	DEBUG	Provider finished startup: PreviousExperimentProvider
1474670874740	DeferredSave.extensions.json	DEBUG	Starting write
1474670874742	DeferredSave.addons.json	DEBUG	Starting write
1474670874770	DeferredSave.extensions.json	DEBUG	Write succeeded
1474670874775	DeferredSave.addons.json	DEBUG	Write succeeded

	at org.openqa.selenium.firefox.internal.NewProfileExtensionConnection.start(NewProfileExtensionConnection.java:113)
	... 32 more
]]>
    </error>
  </testcase> <!-- Test -->
</testsuite> <!-- Test.Test_Sikuli$Sikuli_Test -->
